Flutter crash report; please file at https://github.com/flutter/flutter/issues.

## command

flutter --no-color packages get

## exception

YamlException: Error on line 21, column 10: Mapping values are not allowed here. Did you miss a colon earlier?
   ╷
21 │   flutter:
   │          ^
   ╵

```
#0      Scanner._fetchValue (package:yaml/src/scanner.dart:713:9)
#1      Scanner._fetchNextToken (package:yaml/src/scanner.dart:457:11)
#2      Scanner._fetchMoreTokens (package:yaml/src/scanner.dart:339:7)
#3      Scanner.peek (package:yaml/src/scanner.dart:317:27)
#4      Parser._parseBlockMappingKey (package:yaml/src/parser.dart:411:26)
#5      Parser._stateMachine (package:yaml/src/parser.dart:86:16)
#6      Parser.parse (package:yaml/src/parser.dart:47:19)
#7      Loader._loadMapping (package:yaml/src/loader.dart:169:23)
#8      Loader._loadNode (package:yaml/src/loader.dart:86:16)
#9      Loader._loadDocument (package:yaml/src/loader.dart:62:20)
#10     Loader.load (package:yaml/src/loader.dart:54:20)
#11     loadYamlDocument (package:yaml/yaml.dart:51:25)
#12     loadYamlNode (package:yaml/yaml.dart:42:5)
#13     loadYaml (package:yaml/yaml.dart:34:5)
#14     FlutterManifest.createFromString (package:flutter_tools/src/flutter_manifest.dart:38:28)
#15     FlutterManifest.createFromPath (package:flutter_tools/src/flutter_manifest.dart:32:12)
#16     FlutterProject._readManifest (package:flutter_tools/src/project.dart:167:54)
#17     FlutterProject.fromDirectory (package:flutter_tools/src/project.dart:45:38)
#18     FlutterProject.fromPath (package:flutter_tools/src/project.dart:60:50)
#19     PackagesGetCommand.usageValues (package:flutter_tools/src/commands/packages.dart:80:55)
<asynchronous suspension>
#20     FlutterCommand._sendUsage (package:flutter_tools/src/runner/flutter_command.dart:411:58)
<asynchronous suspension>
#21     FlutterCommand.run.<anonymous closure> (package:flutter_tools/src/runner/flutter_command.dart:392:17)
<asynchronous suspension>
#22     AppContext.run.<anonymous closure> (package:flutter_tools/src/base/context.dart:153:29)
<asynchronous suspension>
#23     _rootRun (dart:async/zone.dart:1124:13)
#24     _CustomZone.run (dart:async/zone.dart:1021:19)
#25     _runZoned (dart:async/zone.dart:1516:10)
#26     runZoned (dart:async/zone.dart:1463:12)
#27     AppContext.run (package:flutter_tools/src/base/context.dart:152:18)
<asynchronous suspension>
#28     FlutterCommand.run (package:flutter_tools/src/runner/flutter_command.dart:375:20)
#29     CommandRunner.runCommand (package:args/command_runner.dart:197:27)
<asynchronous suspension>
#30     FlutterCommandRunner.runCommand.<anonymous closure> (package:flutter_tools/src/runner/flutter_command_runner.dart:396:21)
<asynchronous suspension>
#31     AppContext.run.<anonymous closure> (package:flutter_tools/src/base/context.dart:153:29)
<asynchronous suspension>
#32     _rootRun (dart:async/zone.dart:1124:13)
#33     _CustomZone.run (dart:async/zone.dart:1021:19)
#34     _runZoned (dart:async/zone.dart:1516:10)
#35     runZoned (dart:async/zone.dart:1463:12)
#36     AppContext.run (package:flutter_tools/src/base/context.dart:152:18)
<asynchronous suspension>
#37     FlutterCommandRunner.runCommand (package:flutter_tools/src/runner/flutter_command_runner.dart:356:19)
<asynchronous suspension>
#38     CommandRunner.run.<anonymous closure> (package:args/command_runner.dart:112:25)
#39     new Future.sync (dart:async/future.dart:224:31)
#40     CommandRunner.run (package:args/command_runner.dart:112:14)
#41     FlutterCommandRunner.run (package:flutter_tools/src/runner/flutter_command_runner.dart:242:18)
#42     run.<anonymous closure>.<anonymous closure> (package:flutter_tools/runner.dart:62:22)
<asynchronous suspension>
#43     _rootRun (dart:async/zone.dart:1124:13)
#44     _CustomZone.run (dart:async/zone.dart:1021:19)
#45     _runZoned (dart:async/zone.dart:1516:10)
#46     runZoned (dart:async/zone.dart:1500:12)
#47     run.<anonymous closure> (package:flutter_tools/runner.dart:60:18)
<asynchronous suspension>
#48     AppContext.run.<anonymous closure> (package:flutter_tools/src/base/context.dart:153:29)
<asynchronous suspension>
#49     _rootRun (dart:async/zone.dart:1124:13)
#50     _CustomZone.run (dart:async/zone.dart:1021:19)
#51     _runZoned (dart:async/zone.dart:1516:10)
#52     runZoned (dart:async/zone.dart:1463:12)
#53     AppContext.run (package:flutter_tools/src/base/context.dart:152:18)
<asynchronous suspension>
#54     runInContext (package:flutter_tools/src/context_runner.dart:56:24)
<asynchronous suspension>
#55     run (package:flutter_tools/runner.dart:51:10)
#56     main (package:flutter_tools/executable.dart:62:9)
<asynchronous suspension>
#57     main (file:///C:/b/s/w/ir/k/archive/flutter/packages/flutter_tools/bin/flutter_tools.dart:8:3)
#58     _startIsolate.<anonymous closure> (dart:isolate-patch/isolate_patch.dart:299:32)
#59     _RawReceivePortImpl._handleMessage (dart:isolate-patch/isolate_patch.dart:172:12)
```

## flutter doctor

```
[✓] Flutter (Channel stable, v1.7.8+hotfix.3, on Microsoft Windows [Version 10.0.17134.885], locale en-IN)
    • Flutter version 1.7.8+hotfix.3 at E:\flutter
    • Framework revision b712a172f9 (2 weeks ago), 2019-07-09 13:14:38 -0700
    • Engine revision 54ad777fd2
    • Dart version 2.4.0

[✓] Android toolchain - develop for Android devices (Android SDK version 29.0.1)
    • Android SDK at E:/androidsdk
    • Android NDK location not configured (optional; useful for native profiling support)
    • Platform android-29, build-tools 29.0.1
    • ANDROID_HOME = E:/androidsdk
    • Java binary at: E:\Android Studio\jre\bin\java
    • Java version OpenJDK Runtime Environment (build 1.8.0_152-release-1343-b01)
    • All Android licenses accepted.

[✓] Android Studio (version 3.4)
    • Android Studio at E:\Android Studio
    • Flutter plugin version 37.1.1
    • Dart plugin version 183.6270
    • Java version OpenJDK Runtime Environment (build 1.8.0_152-release-1343-b01)

[✓] Connected device (1 available)
    • Pixel 2 • HT7AD1A02446 • android-arm64 • Android 9 (API 28)

• No issues found!
```
